[INFO] 2019-02-05 10:55:21,741:  Started preprocessing data...
[INFO] 2019-02-05 10:55:21,741:  Started building SNP data frame...
[INFO] 2019-02-05 10:56:00,436:  Finished building SNP data frame in 38 seconds
[INFO] 2019-02-05 10:56:00,461:  Started building final data structure...
[INFO] 2019-02-05 10:56:00,461:  15 Users for Phenotype Brown
[INFO] 2019-02-05 10:56:00,511:  Started processing user 276 with phenotype 'Brown' (1/15)...
[INFO] 2019-02-05 10:56:26,351:  Finished processing user 276 with phenotype 'Brown' (1/15) in 25 seconds
[INFO] 2019-02-05 10:56:26,385:  Started processing user 44 with phenotype 'Brown' (2/15)...
[INFO] 2019-02-05 10:56:52,040:  Finished processing user 44 with phenotype 'Brown' (2/15) in 25 seconds
[INFO] 2019-02-05 10:56:52,077:  Started processing user 268 with phenotype 'Brown' (3/15)...
[INFO] 2019-02-05 10:57:25,936:  Finished processing user 268 with phenotype 'Brown' (3/15) in 33 seconds
[INFO] 2019-02-05 10:57:25,978:  Started processing user 311 with phenotype 'Brown' (4/15)...
[INFO] 2019-02-05 10:57:58,625:  Finished processing user 311 with phenotype 'Brown' (4/15) in 32 seconds
[INFO] 2019-02-05 10:57:58,669:  Started processing user 266 with phenotype 'Brown' (5/15)...
[INFO] 2019-02-05 10:58:32,455:  Finished processing user 266 with phenotype 'Brown' (5/15) in 33 seconds
[INFO] 2019-02-05 10:58:32,496:  Started processing user 262 with phenotype 'Brown' (6/15)...
[INFO] 2019-02-05 10:58:51,155:  Finished processing user 262 with phenotype 'Brown' (6/15) in 18 seconds
[INFO] 2019-02-05 10:58:51,194:  Started processing user 279 with phenotype 'Brown' (7/15)...
[INFO] 2019-02-05 10:59:28,250:  Finished processing user 279 with phenotype 'Brown' (7/15) in 37 seconds
[INFO] 2019-02-05 10:59:28,297:  Started processing user 33 with phenotype 'Brown' (8/15)...
[INFO] 2019-02-05 11:00:05,334:  Finished processing user 33 with phenotype 'Brown' (8/15) in 37 seconds
[INFO] 2019-02-05 11:00:05,379:  Started processing user 305 with phenotype 'Brown' (9/15)...
[INFO] 2019-02-05 11:00:46,909:  Finished processing user 305 with phenotype 'Brown' (9/15) in 41 seconds
[INFO] 2019-02-05 11:00:46,946:  Started processing user 323 with phenotype 'Brown' (10/15)...
[INFO] 2019-02-05 11:01:17,885:  Finished processing user 323 with phenotype 'Brown' (10/15) in 30 seconds
[INFO] 2019-02-05 11:01:17,923:  Started processing user 189 with phenotype 'Brown' (11/15)...
[INFO] 2019-02-05 11:01:43,362:  Finished processing user 189 with phenotype 'Brown' (11/15) in 25 seconds
[INFO] 2019-02-05 11:01:43,395:  Started processing user 325 with phenotype 'Brown' (12/15)...
[INFO] 2019-02-05 11:02:09,476:  Finished processing user 325 with phenotype 'Brown' (12/15) in 26 seconds
[INFO] 2019-02-05 11:02:09,510:  Started processing user 322 with phenotype 'Brown' (13/15)...
[INFO] 2019-02-05 11:02:36,059:  Finished processing user 322 with phenotype 'Brown' (13/15) in 26 seconds
[INFO] 2019-02-05 11:02:36,097:  Started processing user 357 with phenotype 'Brown' (14/15)...
[INFO] 2019-02-05 11:03:03,540:  Finished processing user 357 with phenotype 'Brown' (14/15) in 27 seconds
[INFO] 2019-02-05 11:03:03,576:  Started processing user 258 with phenotype 'Brown' (15/15)...
[INFO] 2019-02-05 11:03:31,257:  Finished processing user 258 with phenotype 'Brown' (15/15) in 27 seconds
[INFO] 2019-02-05 11:03:31,292:  Started calculating mutation percentages...
[INFO] 2019-02-05 11:07:41,662:  Finished calculating mutation percentages in 250 seconds
[INFO] 2019-02-05 11:07:41,699:  Started saving preprocessed file for phenotype 'Brown'...
[INFO] 2019-02-05 11:08:24,866:  Finished saving preprocessed file for phenotype 'Brown' in 43 seconds
[INFO] 2019-02-05 11:08:24,867:  -6 invalid user files found for phenotype 'Brown'
[INFO] 2019-02-05 11:08:24,867:  8 Users for Phenotype Blue_Green
[INFO] 2019-02-05 11:08:24,918:  Started processing user 241 with phenotype 'Blue_Green' (1/8)...
[INFO] 2019-02-05 11:08:51,856:  Finished processing user 241 with phenotype 'Blue_Green' (1/8) in 26 seconds
[INFO] 2019-02-05 11:08:51,888:  Started processing user 1892 with phenotype 'Blue_Green' (2/8)...
[INFO] 2019-02-05 11:09:17,849:  Finished processing user 1892 with phenotype 'Blue_Green' (2/8) in 25 seconds
[INFO] 2019-02-05 11:09:17,882:  Started processing user 200 with phenotype 'Blue_Green' (3/8)...
[INFO] 2019-02-05 11:09:44,254:  Finished processing user 200 with phenotype 'Blue_Green' (3/8) in 26 seconds
[INFO] 2019-02-05 11:09:44,288:  Started processing user 2074 with phenotype 'Blue_Green' (4/8)...
[INFO] 2019-02-05 11:10:10,092:  Finished processing user 2074 with phenotype 'Blue_Green' (4/8) in 25 seconds
[INFO] 2019-02-05 11:10:10,125:  Started processing user 45 with phenotype 'Blue_Green' (5/8)...
[INFO] 2019-02-05 11:10:18,225:  Finished processing user 45 with phenotype 'Blue_Green' (5/8) in 8 seconds
[INFO] 2019-02-05 11:10:18,258:  Started processing user 287 with phenotype 'Blue_Green' (6/8)...
[INFO] 2019-02-05 11:10:45,033:  Finished processing user 287 with phenotype 'Blue_Green' (6/8) in 26 seconds
[INFO] 2019-02-05 11:10:45,066:  Started processing user 2064 with phenotype 'Blue_Green' (7/8)...
[INFO] 2019-02-05 11:11:00,920:  Finished processing user 2064 with phenotype 'Blue_Green' (7/8) in 15 seconds
[INFO] 2019-02-05 11:11:00,954:  Started processing user 53 with phenotype 'Blue_Green' (8/8)...
[INFO] 2019-02-05 11:11:27,173:  Finished processing user 53 with phenotype 'Blue_Green' (8/8) in 26 seconds
[INFO] 2019-02-05 11:11:27,209:  Started calculating mutation percentages...
[INFO] 2019-02-05 11:15:54,934:  Finished calculating mutation percentages in 267 seconds
[INFO] 2019-02-05 11:15:54,955:  Started saving preprocessed file for phenotype 'Blue_Green'...
[INFO] 2019-02-05 11:16:27,165:  Finished saving preprocessed file for phenotype 'Blue_Green' in 32 seconds
[INFO] 2019-02-05 11:16:27,165:  -6 invalid user files found for phenotype 'Blue_Green'
[INFO] 2019-02-05 11:16:27,165:  Finished building final data structure in 1226 seconds
[INFO] 2019-02-05 11:16:27,249:  Finished preprocessing data in 1265 seconds
[INFO] 2019-02-05 11:16:27,250:  Output written to "resources/data/preprocessed"
